<?xml version="1.0" encoding="UTF-8"?>
<testsuite xmlns:xsi="http://www.w3.org/2001/XMLSchema-instance" xsi:noNamespaceSchemaLocation="https://maven.apache.org/surefire/maven-surefire-plugin/xsd/surefire-test-report-3.0.xsd" version="3.0" name="io.github.mmhelloworld.idrisjvm.runtime.StringsTest" time="0.01" tests="3" errors="0" skipped="0" failures="0">
  <properties>
[...]
</properties>
  <testcase name="concat" classname="io.github.mmhelloworld.idrisjvm.runtime.StringsTest" time="0.006"/>
  <testcase name="pack" classname="io.github.mmhelloworld.idrisjvm.runtime.StringsTest" time="0.001"/>
  <testcase name="fastPack" classname="io.github.mmhelloworld.idrisjvm.runtime.StringsTest" time="0.001"/>
</testsuite>